[20-Jan-2024 16:44:43 UTC] PHP Deprecated:  Creation of dynamic property ACF::$fields is deprecated in /var/www/html/WP/hus/wp-content/plugins/advanced-custom-fields-pro/includes/fields.php on line 136
[20-Jan-2024 16:44:43 UTC] PHP Deprecated:  Creation of dynamic property acf_loop::$loops is deprecated in /var/www/html/WP/hus/wp-content/plugins/advanced-custom-fields-pro/includes/loop.php on line 26
[20-Jan-2024 16:44:43 UTC] PHP Deprecated:  Creation of dynamic property ACF::$loop is deprecated in /var/www/html/WP/hus/wp-content/plugins/advanced-custom-fields-pro/includes/loop.php on line 270
[20-Jan-2024 16:44:43 UTC] PHP Deprecated:  Creation of dynamic property ACF::$revisions is deprecated in /var/www/html/WP/hus/wp-content/plugins/advanced-custom-fields-pro/includes/revisions.php on line 413
[20-Jan-2024 16:44:43 UTC] PHP Deprecated:  Creation of dynamic property acf_validation::$errors is deprecated in /var/www/html/WP/hus/wp-content/plugins/advanced-custom-fields-pro/includes/validation.php on line 26
[20-Jan-2024 16:44:43 UTC] PHP Deprecated:  Creation of dynamic property ACF::$validation is deprecated in /var/www/html/WP/hus/wp-content/plugins/advanced-custom-fields-pro/includes/validation.php on line 212
[20-Jan-2024 16:44:43 UTC] PHP Deprecated:  Creation of dynamic property acf_form_customizer::$preview_values is deprecated in /var/www/html/WP/hus/wp-content/plugins/advanced-custom-fields-pro/includes/forms/form-customizer.php on line 26
[20-Jan-2024 16:44:43 UTC] PHP Deprecated:  Creation of dynamic property acf_form_customizer::$preview_fields is deprecated in /var/www/html/WP/hus/wp-content/plugins/advanced-custom-fields-pro/includes/forms/form-customizer.php on line 27
[20-Jan-2024 16:44:43 UTC] PHP Deprecated:  Creation of dynamic property acf_form_customizer::$preview_errors is deprecated in /var/www/html/WP/hus/wp-content/plugins/advanced-custom-fields-pro/includes/forms/form-customizer.php on line 28
[20-Jan-2024 16:44:43 UTC] PHP Deprecated:  Creation of dynamic property ACF::$form_front is deprecated in /var/www/html/WP/hus/wp-content/plugins/advanced-custom-fields-pro/includes/forms/form-front.php on line 603
[20-Jan-2024 16:44:43 UTC] PHP Deprecated:  Creation of dynamic property acf_form_widget::$preview_values is deprecated in /var/www/html/WP/hus/wp-content/plugins/advanced-custom-fields-pro/includes/forms/form-widget.php on line 34
[20-Jan-2024 16:44:43 UTC] PHP Deprecated:  Creation of dynamic property acf_form_widget::$preview_reference is deprecated in /var/www/html/WP/hus/wp-content/plugins/advanced-custom-fields-pro/includes/forms/form-widget.php on line 35
[20-Jan-2024 16:44:43 UTC] PHP Deprecated:  Creation of dynamic property acf_form_widget::$preview_errors is deprecated in /var/www/html/WP/hus/wp-content/plugins/advanced-custom-fields-pro/includes/forms/form-widget.php on line 36
[20-Jan-2024 16:44:43 UTC] PHP Deprecated:  Creation of dynamic property acf_field_oembed::$width is deprecated in /var/www/html/WP/hus/wp-content/plugins/advanced-custom-fields-pro/includes/fields/class-acf-field-oembed.php on line 31
[20-Jan-2024 16:44:43 UTC] PHP Deprecated:  Creation of dynamic property acf_field_oembed::$height is deprecated in /var/www/html/WP/hus/wp-content/plugins/advanced-custom-fields-pro/includes/fields/class-acf-field-oembed.php on line 32
[20-Jan-2024 16:44:43 UTC] PHP Deprecated:  Creation of dynamic property acf_field_google_map::$default_values is deprecated in /var/www/html/WP/hus/wp-content/plugins/advanced-custom-fields-pro/includes/fields/class-acf-field-google-map.php on line 33
[20-Jan-2024 16:44:43 UTC] PHP Deprecated:  Creation of dynamic property acf_field__group::$have_rows is deprecated in /var/www/html/WP/hus/wp-content/plugins/advanced-custom-fields-pro/includes/fields/class-acf-field-group.php on line 31
[20-Jan-2024 16:44:43 UTC] PHP Deprecated:  Creation of dynamic property acf_field_clone::$cloning is deprecated in /var/www/html/WP/hus/wp-content/plugins/advanced-custom-fields-pro/pro/fields/class-acf-field-clone.php on line 34
[20-Jan-2024 16:44:43 UTC] PHP Deprecated:  Creation of dynamic property acf_field_clone::$have_rows is deprecated in /var/www/html/WP/hus/wp-content/plugins/advanced-custom-fields-pro/pro/fields/class-acf-field-clone.php on line 35
[20-Jan-2024 16:44:43 UTC] PHP Deprecated:  Creation of dynamic property ACF::$fields is deprecated in /var/www/html/WP/hus/wp-content/plugins/advanced-custom-fields-pro/includes/fields.php on line 136
[20-Jan-2024 16:44:43 UTC] PHP Deprecated:  Creation of dynamic property acf_loop::$loops is deprecated in /var/www/html/WP/hus/wp-content/plugins/advanced-custom-fields-pro/includes/loop.php on line 26
[20-Jan-2024 16:44:43 UTC] PHP Deprecated:  Creation of dynamic property ACF::$loop is deprecated in /var/www/html/WP/hus/wp-content/plugins/advanced-custom-fields-pro/includes/loop.php on line 270
[20-Jan-2024 16:44:43 UTC] PHP Deprecated:  Creation of dynamic property ACF::$revisions is deprecated in /var/www/html/WP/hus/wp-content/plugins/advanced-custom-fields-pro/includes/revisions.php on line 413
[20-Jan-2024 16:44:43 UTC] PHP Deprecated:  Creation of dynamic property acf_validation::$errors is deprecated in /var/www/html/WP/hus/wp-content/plugins/advanced-custom-fields-pro/includes/validation.php on line 26
[20-Jan-2024 16:44:43 UTC] PHP Deprecated:  Creation of dynamic property ACF::$validation is deprecated in /var/www/html/WP/hus/wp-content/plugins/advanced-custom-fields-pro/includes/validation.php on line 212
[20-Jan-2024 16:44:43 UTC] PHP Deprecated:  Creation of dynamic property acf_form_customizer::$preview_values is deprecated in /var/www/html/WP/hus/wp-content/plugins/advanced-custom-fields-pro/includes/forms/form-customizer.php on line 26
[20-Jan-2024 16:44:43 UTC] PHP Deprecated:  Creation of dynamic property acf_form_customizer::$preview_fields is deprecated in /var/www/html/WP/hus/wp-content/plugins/advanced-custom-fields-pro/includes/forms/form-customizer.php on line 27
[20-Jan-2024 16:44:43 UTC] PHP Deprecated:  Creation of dynamic property acf_form_customizer::$preview_errors is deprecated in /var/www/html/WP/hus/wp-content/plugins/advanced-custom-fields-pro/includes/forms/form-customizer.php on line 28
[20-Jan-2024 16:44:43 UTC] PHP Deprecated:  Creation of dynamic property ACF::$form_front is deprecated in /var/www/html/WP/hus/wp-content/plugins/advanced-custom-fields-pro/includes/forms/form-front.php on line 603
[20-Jan-2024 16:44:43 UTC] PHP Deprecated:  Creation of dynamic property acf_form_widget::$preview_values is deprecated in /var/www/html/WP/hus/wp-content/plugins/advanced-custom-fields-pro/includes/forms/form-widget.php on line 34
[20-Jan-2024 16:44:43 UTC] PHP Deprecated:  Creation of dynamic property acf_form_widget::$preview_reference is deprecated in /var/www/html/WP/hus/wp-content/plugins/advanced-custom-fields-pro/includes/forms/form-widget.php on line 35
[20-Jan-2024 16:44:43 UTC] PHP Deprecated:  Creation of dynamic property acf_form_widget::$preview_errors is deprecated in /var/www/html/WP/hus/wp-content/plugins/advanced-custom-fields-pro/includes/forms/form-widget.php on line 36
[20-Jan-2024 16:44:44 UTC] PHP Deprecated:  Creation of dynamic property acf_field_oembed::$width is deprecated in /var/www/html/WP/hus/wp-content/plugins/advanced-custom-fields-pro/includes/fields/class-acf-field-oembed.php on line 31
[20-Jan-2024 16:44:44 UTC] PHP Deprecated:  Creation of dynamic property acf_field_oembed::$height is deprecated in /var/www/html/WP/hus/wp-content/plugins/advanced-custom-fields-pro/includes/fields/class-acf-field-oembed.php on line 32
[20-Jan-2024 16:44:44 UTC] PHP Deprecated:  Creation of dynamic property acf_field_google_map::$default_values is deprecated in /var/www/html/WP/hus/wp-content/plugins/advanced-custom-fields-pro/includes/fields/class-acf-field-google-map.php on line 33
[20-Jan-2024 16:44:44 UTC] PHP Deprecated:  Creation of dynamic property acf_field__group::$have_rows is deprecated in /var/www/html/WP/hus/wp-content/plugins/advanced-custom-fields-pro/includes/fields/class-acf-field-group.php on line 31
[20-Jan-2024 16:44:44 UTC] PHP Deprecated:  Creation of dynamic property acf_field_clone::$cloning is deprecated in /var/www/html/WP/hus/wp-content/plugins/advanced-custom-fields-pro/pro/fields/class-acf-field-clone.php on line 34
[20-Jan-2024 16:44:44 UTC] PHP Deprecated:  Creation of dynamic property acf_field_clone::$have_rows is deprecated in /var/www/html/WP/hus/wp-content/plugins/advanced-custom-fields-pro/pro/fields/class-acf-field-clone.php on line 35
[20-Jan-2024 16:44:44 UTC] PHP Warning:  Cannot modify header information - headers already sent by (output started at /var/www/html/WP/hus/wp-content/plugins/advanced-custom-fields-pro/pro/fields/class-acf-field-clone.php:34) in /var/www/html/WP/hus/wp-includes/rest-api/class-wp-rest-server.php on line 1794
[20-Jan-2024 16:44:44 UTC] PHP Warning:  Cannot modify header information - headers already sent by (output started at /var/www/html/WP/hus/wp-content/plugins/advanced-custom-fields-pro/pro/fields/class-acf-field-clone.php:34) in /var/www/html/WP/hus/wp-includes/rest-api/class-wp-rest-server.php on line 1794
[20-Jan-2024 16:44:44 UTC] PHP Warning:  Cannot modify header information - headers already sent by (output started at /var/www/html/WP/hus/wp-content/plugins/advanced-custom-fields-pro/pro/fields/class-acf-field-clone.php:34) in /var/www/html/WP/hus/wp-includes/rest-api/class-wp-rest-server.php on line 1794
[20-Jan-2024 16:44:44 UTC] PHP Warning:  Cannot modify header information - headers already sent by (output started at /var/www/html/WP/hus/wp-content/plugins/advanced-custom-fields-pro/pro/fields/class-acf-field-clone.php:34) in /var/www/html/WP/hus/wp-includes/rest-api/class-wp-rest-server.php on line 1794
[20-Jan-2024 16:44:44 UTC] PHP Warning:  Cannot modify header information - headers already sent by (output started at /var/www/html/WP/hus/wp-content/plugins/advanced-custom-fields-pro/pro/fields/class-acf-field-clone.php:34) in /var/www/html/WP/hus/wp-includes/rest-api/class-wp-rest-server.php on line 1794
[20-Jan-2024 16:44:44 UTC] PHP Warning:  Cannot modify header information - headers already sent by (output started at /var/www/html/WP/hus/wp-content/plugins/advanced-custom-fields-pro/pro/fields/class-acf-field-clone.php:34) in /var/www/html/WP/hus/wp-includes/rest-api/class-wp-rest-server.php on line 1794
